
> longisland-korea-frontend@1.6.1 start
> react-scripts start

(node:70579) [DEP_WEBPACK_DEV_SERVER_ON_AFTER_SETUP_MIDDLEWARE] DeprecationWarning: 'onAfterSetupMiddleware' option is deprecated. Please use the 'setupMiddlewares' option.
(Use `node --trace-deprecation ...` to show where the warning was created)
(node:70579) [DEP_WEBPACK_DEV_SERVER_ON_BEFORE_SETUP_MIDDLEWARE] DeprecationWarning: 'onBeforeSetupMiddleware' option is deprecated. Please use the 'setupMiddlewares' option.
Starting the development server...

Compiled successfully!

You can now view longisland-korea-frontend in the browser.

  Local:            http://localhost:3000
  On Your Network:  http://192.168.68.59:3000

Note that the development build is not optimized.
To create a production build, use npm run build.

webpack compiled successfully
Compiling...
Compiled with warnings.

[eslint] 
src/pages/BotManagement.jsx
  Line 40:10:  'pendingPosts' is assigned a value but never used        no-unused-vars
  Line 74:7:   Unexpected console statement                             no-console
  Line 89:7:   Unexpected console statement                             no-console
  Line 90:7:   Unexpected console statement                             no-console
  Line 96:7:   Unexpected console statement                             no-console
  Line 122:5:  Unexpected console statement                             no-console
  Line 123:5:  Unexpected console statement                             no-console
  Line 128:7:  Unexpected console statement                             no-console
  Line 130:7:  Unexpected console statement                             no-console
  Line 132:7:  Unexpected console statement                             no-console
  Line 141:9:  'handlePostApproval' is assigned a value but never used  no-unused-vars

Search for the keywords to learn more about each warning.
To ignore, add // eslint-disable-next-line to the line before.

WARNING in [eslint] 
src/pages/BotManagement.jsx
  Line 40:10:  'pendingPosts' is assigned a value but never used        no-unused-vars
  Line 74:7:   Unexpected console statement                             no-console
  Line 89:7:   Unexpected console statement                             no-console
  Line 90:7:   Unexpected console statement                             no-console
  Line 96:7:   Unexpected console statement                             no-console
  Line 122:5:  Unexpected console statement                             no-console
  Line 123:5:  Unexpected console statement                             no-console
  Line 128:7:  Unexpected console statement                             no-console
  Line 130:7:  Unexpected console statement                             no-console
  Line 132:7:  Unexpected console statement                             no-console
  Line 141:9:  'handlePostApproval' is assigned a value but never used  no-unused-vars

webpack compiled with 1 warning
